c:\users\hedi\source\repos\2d_engine.cpp\2d_engine.cpp\x64\debug\vc141.pdb
c:\users\hedi\source\repos\2d_engine.cpp\2d_engine.cpp\x64\debug\vc141.idb
c:\users\hedi\source\repos\2d_engine.cpp\2d_engine.cpp\x64\debug\main.obj
c:\users\hedi\source\repos\2d_engine.cpp\2d_engine.cpp\x64\debug\game.obj
c:\dev\2d_engine.cpp\2d_engine.cpp\x64\debug\vc141.pdb
c:\dev\2d_engine.cpp\2d_engine.cpp\x64\debug\vc141.idb
c:\dev\2d_engine.cpp\2d_engine.cpp\x64\debug\main.obj
c:\dev\2d_engine.cpp\2d_engine.cpp\x64\debug\game.obj
c:\dev\2d_engine.cpp\2d_engine.cpp\x64\debug\texturemanager.obj
c:\users\hedi\source\repos\2d_engine.cpp\x64\debug\2d_engine.cpp.exe
c:\users\hedi\source\repos\2d_engine.cpp\x64\debug\2d_engine.cpp.ilk
c:\users\hedi\source\repos\2d_engine.cpp\x64\debug\2d_engine.cpp.pdb
c:\dev\2d_engine.cpp\x64\debug\2d_engine.cpp.exe
c:\dev\2d_engine.cpp\x64\debug\2d_engine.cpp.ilk
c:\dev\2d_engine.cpp\x64\debug\2d_engine.cpp.pdb
c:\dev\2d_engine.cpp\2d_engine.cpp\x64\debug\2d_engine.cpp.tlog\cl.command.1.tlog
c:\dev\2d_engine.cpp\2d_engine.cpp\x64\debug\2d_engine.cpp.tlog\cl.read.1.tlog
c:\dev\2d_engine.cpp\2d_engine.cpp\x64\debug\2d_engine.cpp.tlog\cl.write.1.tlog
c:\dev\2d_engine.cpp\2d_engine.cpp\x64\debug\2d_engine.cpp.tlog\link.command.1.tlog
c:\dev\2d_engine.cpp\2d_engine.cpp\x64\debug\2d_engine.cpp.tlog\link.read.1.tlog
c:\dev\2d_engine.cpp\2d_engine.cpp\x64\debug\2d_engine.cpp.tlog\link.write.1.tlog
